<?xml version="1.0" encoding="UTF-8"?>
<!-- Generated by org.testng.reporters.JUnitReportReporter -->
<testsuite skipped="0" hostname="BNG-185570-C02VL3J4HTD6" name="com.Dsci.TestScriptsSuite.BOP" tests="1" failures="0" timestamp="22 Nov 2019 07:23:39 GMT" time="339.088" errors="0">
  <testcase name="BOPTest" time="339.088" classname="com.Dsci.TestScriptsSuite.BOP"/>
</testsuite> <!-- com.Dsci.TestScriptsSuite.BOP -->
