<?xml version="1.0" encoding="UTF-8"?>
<!-- Generated by org.testng.reporters.JUnitReportReporter -->
<testsuite skipped="0" hostname="BNG-185570-C02VL3J4HTD6" name="com.Dsci.TestScriptsSuite.BopAndWCPolicy" tests="1" failures="0" timestamp="22 Nov 2019 07:31:06 GMT" time="395.088" errors="0">
  <testcase name="WcBOPTest" time="395.088" classname="com.Dsci.TestScriptsSuite.BopAndWCPolicy"/>
</testsuite> <!-- com.Dsci.TestScriptsSuite.BopAndWCPolicy -->
