<?xml version="1.0" encoding="UTF-8"?>
<!-- Generated by org.testng.reporters.JUnitReportReporter -->
<testsuite skipped="0" hostname="BNG-185570-C02VL3J4HTD6" name="com.Dsci.TestScriptsSuite.WorkerCompensation" tests="1" failures="0" timestamp="22 Nov 2019 10:54:46 GMT" time="301.587" errors="0">
  <testcase name="WorkerCompensationTest" time="301.587" classname="com.Dsci.TestScriptsSuite.WorkerCompensation"/>
</testsuite> <!-- com.Dsci.TestScriptsSuite.WorkerCompensation -->
