<?xml version="1.0" encoding="UTF-8"?>
<!-- Generated by org.testng.reporters.JUnitReportReporter -->
<testsuite skipped="0" hostname="BNG-185570-C02VL3J4HTD6" name="com.Dsci.TestScriptsSuite.PaymentCheck" tests="1" failures="0" timestamp="22 Nov 2019 06:06:10 GMT" time="199.678" errors="0">
  <testcase name="PaymentCheckTest" time="199.678" classname="com.Dsci.TestScriptsSuite.PaymentCheck"/>
</testsuite> <!-- com.Dsci.TestScriptsSuite.PaymentCheck -->
